c:\users\dwdw7\onedrive - dgu.ac.kr\3-2\수업내용\개연\seal_demo\seal_demo\x64\debug\vc143.pdb
c:\users\dwdw7\onedrive - dgu.ac.kr\3-2\수업내용\개연\seal_demo\seal_demo\x64\debug\vc143.idb
c:\users\dwdw7\onedrive - dgu.ac.kr\3-2\수업내용\개연\seal_demo\seal_demo\x64\debug\sealtest.obj
c:\users\dwdw7\onedrive - dgu.ac.kr\3-2\수업내용\개연\seal_demo\x64\debug\seal_demo.exe
c:\users\dwdw7\onedrive - dgu.ac.kr\3-2\수업내용\개연\seal_demo\x64\debug\seal_demo.pdb
c:\users\dwdw7\onedrive - dgu.ac.kr\3-2\수업내용\개연\seal_demo\x64\debug\zlibd1.dll
c:\users\dwdw7\onedrive - dgu.ac.kr\3-2\수업내용\개연\seal_demo\x64\debug\zstd.dll
c:\users\dwdw7\onedrive - dgu.ac.kr\3-2\수업내용\개연\seal_demo\seal_demo\x64\debug\seal_demo.ilk
c:\users\dwdw7\onedrive - dgu.ac.kr\3-2\수업내용\개연\seal_demo\seal_demo\x64\debug\1_bfv_basics.obj
c:\users\dwdw7\onedrive - dgu.ac.kr\3-2\수업내용\개연\seal_demo\seal_demo\x64\debug\2_encoders.obj
c:\users\dwdw7\onedrive - dgu.ac.kr\3-2\수업내용\개연\seal_demo\seal_demo\x64\debug\3_levels.obj
c:\users\dwdw7\onedrive - dgu.ac.kr\3-2\수업내용\개연\seal_demo\seal_demo\x64\debug\4_bgv_basics.obj
c:\users\dwdw7\onedrive - dgu.ac.kr\3-2\수업내용\개연\seal_demo\seal_demo\x64\debug\5_ckks_basics.obj
c:\users\dwdw7\onedrive - dgu.ac.kr\3-2\수업내용\개연\seal_demo\seal_demo\x64\debug\6_rotation.obj
c:\users\dwdw7\onedrive - dgu.ac.kr\3-2\수업내용\개연\seal_demo\seal_demo\x64\debug\7_serialization.obj
c:\users\dwdw7\onedrive - dgu.ac.kr\3-2\수업내용\개연\seal_demo\seal_demo\x64\debug\8_performance.obj
c:\users\dwdw7\onedrive - dgu.ac.kr\3-2\수업내용\개연\seal_demo\seal_demo\x64\debug\helloseal.obj
c:\users\dwdw7\onedrive - dgu.ac.kr\3-2\수업내용\개연\seal_demo\seal_demo\x64\debug\seal_demo.tlog\cl.command.1.tlog
c:\users\dwdw7\onedrive - dgu.ac.kr\3-2\수업내용\개연\seal_demo\seal_demo\x64\debug\seal_demo.tlog\cl.items.tlog
c:\users\dwdw7\onedrive - dgu.ac.kr\3-2\수업내용\개연\seal_demo\seal_demo\x64\debug\seal_demo.tlog\cl.read.1.tlog
c:\users\dwdw7\onedrive - dgu.ac.kr\3-2\수업내용\개연\seal_demo\seal_demo\x64\debug\seal_demo.tlog\cl.write.1.tlog
c:\users\dwdw7\onedrive - dgu.ac.kr\3-2\수업내용\개연\seal_demo\seal_demo\x64\debug\seal_demo.tlog\link.command.1.tlog
c:\users\dwdw7\onedrive - dgu.ac.kr\3-2\수업내용\개연\seal_demo\seal_demo\x64\debug\seal_demo.tlog\link.read.1.tlog
c:\users\dwdw7\onedrive - dgu.ac.kr\3-2\수업내용\개연\seal_demo\seal_demo\x64\debug\seal_demo.tlog\link.secondary.1.tlog
c:\users\dwdw7\onedrive - dgu.ac.kr\3-2\수업내용\개연\seal_demo\seal_demo\x64\debug\seal_demo.tlog\link.write.1.tlog
c:\users\dwdw7\onedrive - dgu.ac.kr\3-2\수업내용\개연\seal_demo\seal_demo\x64\debug\seal_demo.tlog\seal_demo.write.1u.tlog
